<?xml version="1.0" encoding="UTF-8"?>
<!-- Generated by org.testng.reporters.JUnitXMLReporter -->
<testsuite ignored="0" hostname="DESKTOP-972N72V" failures="0" tests="3" name="BaseModelTest" time="23.936" errors="0" timestamp="2024-10-02T13:48:20 IST">
  <testcase classname="productsEcommerceTest.ExommerceFuntionalTest.BaseModelToTest" name="submitOrder" time="5.136"/>
  <testcase classname="productsEcommerceTest.ExommerceFuntionalTest.BaseModelToTest" name="submitOrder" time="4.337"/>
  <testcase classname="productsEcommerceTest.ExommerceFuntionalTest.BaseModelToTest" name="OrderHistoryPageTest" time="0.99"/>
</testsuite> <!-- BaseModelTest -->
