<?xml version="1.0" encoding="UTF-8"?>
<!-- Generated by org.testng.reporters.JUnitXMLReporter -->
<testsuite ignored="0" hostname="DESKTOP-972N72V" failures="0" tests="2" name="ErrorValidationTest" time="13.263" errors="0" timestamp="2024-10-02T13:48:10 IST">
  <testcase classname="productsEcommerceTest.ExommerceFuntionalTest.ErrorValidationTest" name="loginErrorValidation" time="0.779"/>
  <testcase classname="productsEcommerceTest.ExommerceFuntionalTest.ErrorValidationTest" name="productErrorValidation" time="3.434"/>
</testsuite> <!-- ErrorValidationTest -->
